<?xml version="1.0" encoding="UTF-8" ?>
<testsuite tests="3" failures="0" name="com.xuecheng.media.MinioTest" time="0.23" errors="0" skipped="0">
  <properties>
[...]
</properties>
  <testcase classname="com.xuecheng.media.MinioTest" name="com.xuecheng.media.MinioTest.test_getFile" time="0.203"/>
  <testcase classname="com.xuecheng.media.MinioTest" name="com.xuecheng.media.MinioTest.test_upload" time="0.027"/>
  <testcase classname="com.xuecheng.media.MinioTest" name="com.xuecheng.media.MinioTest.test_delete" time="0"/>
</testsuite>